d:\downloads\np\plugintemplate-3.1\vs.proj\x64\release\vc142.pdb
d:\downloads\np\plugintemplate-3.1\vs.proj\x64\release\plugindefinition.obj
d:\downloads\np\plugintemplate-3.1\vs.proj\x64\release\nppplugindemo.obj
d:\downloads\np\plugintemplate-3.1\vs.proj\x64\release\staticdialog.obj
d:\downloads\np\plugintemplate-3.1\vs.proj\x64\release\gotolinedlg.obj
d:\downloads\np\plugintemplate-3.1\vs.proj\x64\release\sqlite3.obj
d:\downloads\np\plugintemplate-3.1\bin64\nppplugintemplate.dll
d:\downloads\np\plugintemplate-3.1\vs.proj\nppplugintemplate.lib
d:\downloads\np\plugintemplate-3.1\vs.proj\nppplugintemplate.exp
d:\downloads\np\plugintemplate-3.1\bin64\nppplugintemplate.ipdb
d:\downloads\np\plugintemplate-3.1\bin64\nppplugintemplate.iobj
d:\downloads\np\plugintemplate-3.1\vs.proj\x64\release\goline.res
d:\downloads\np\plugintemplate-3.1\vs.proj\x64\release\nppplugindemo.res
d:\downloads\np\plugintemplate-3.1\vs.proj\..\bin64\nppplugintemplate.dll
d:\downloads\np\plugintemplate-3.1\vs.proj\x64\release\nppplugi.9d04dbd5.tlog\cl.command.1.tlog
d:\downloads\np\plugintemplate-3.1\vs.proj\x64\release\nppplugi.9d04dbd5.tlog\cl.read.1.tlog
d:\downloads\np\plugintemplate-3.1\vs.proj\x64\release\nppplugi.9d04dbd5.tlog\cl.write.1.tlog
d:\downloads\np\plugintemplate-3.1\vs.proj\x64\release\nppplugi.9d04dbd5.tlog\link.command.1.tlog
d:\downloads\np\plugintemplate-3.1\vs.proj\x64\release\nppplugi.9d04dbd5.tlog\link.read.1.tlog
d:\downloads\np\plugintemplate-3.1\vs.proj\x64\release\nppplugi.9d04dbd5.tlog\link.write.1.tlog
d:\downloads\np\plugintemplate-3.1\vs.proj\x64\release\nppplugi.9d04dbd5.tlog\nppplugintemplate.write.1u.tlog
d:\downloads\np\plugintemplate-3.1\vs.proj\x64\release\nppplugi.9d04dbd5.tlog\rc.command.1.tlog
d:\downloads\np\plugintemplate-3.1\vs.proj\x64\release\nppplugi.9d04dbd5.tlog\rc.read.1.tlog
d:\downloads\np\plugintemplate-3.1\vs.proj\x64\release\nppplugi.9d04dbd5.tlog\rc.write.1.tlog
